2025-10-05 00:26:29,191 INFO blisspadsAutomation.TestCase.TestCase [main] Loading test data from DataProvider
2025-10-05 00:26:29,194 INFO blisspadsAutomation.TestCase.TestCase [main] Total test data sets: 2
2025-10-05 00:26:29,213 INFO blisspadsAutomation.TestCase.TestCase [main] ╔════════════════════════════════════════════════════════════╗
2025-10-05 00:26:29,213 INFO blisspadsAutomation.TestCase.TestCase [main] ║         STARTING TEST: submitOrder                         ║
2025-10-05 00:26:29,214 INFO blisspadsAutomation.TestCase.TestCase [main] ╚════════════════════════════════════════════════════════════╝
2025-10-05 00:26:29,216 INFO blisspadsAutomation.TestCase.TestCase [main] Test Data: {freeship=Congrats! You are eligible for FREE Shipping, prodName=Bliss Organic Sanitary Pads XL Fluffy (6 Pads) | Rash and Itch Free, phoneNum=9876543213}
2025-10-05 00:26:29,217 INFO blisspadsAutomation.TestCase.TestCase [main] Step 1: Launching application
2025-10-05 00:26:33,321 INFO blisspadsAutomation.TestCase.TestCase [main] ✓ Home page loaded successfully
2025-10-05 00:26:33,323 INFO blisspadsAutomation.TestCase.TestCase [main] Step 2: Navigating to Sanitary Napkins section
2025-10-05 00:26:34,773 INFO blisspadsAutomation.TestCase.TestCase [main] ✓ Product page displayed
2025-10-05 00:26:34,774 INFO blisspadsAutomation.TestCase.TestCase [main] Step 3: Applying filters
2025-10-05 00:26:41,008 INFO blisspadsAutomation.TestCase.TestCase [main] ✓ Filters applied successfully
2025-10-05 00:26:41,009 INFO blisspadsAutomation.TestCase.TestCase [main] Step 4: Selecting product
2025-10-05 00:26:43,342 INFO blisspadsAutomation.TestCase.TestCase [main] ✓ Product selected, review page displayed
2025-10-05 00:26:43,342 INFO blisspadsAutomation.TestCase.TestCase [main] Step 5: Selecting pack
2025-10-05 00:26:43,633 INFO blisspadsAutomation.TestCase.TestCase [main] ✓ Pack selected
2025-10-05 00:26:43,633 INFO blisspadsAutomation.TestCase.TestCase [main] Step 6: Increasing quantity
2025-10-05 00:26:43,768 INFO blisspadsAutomation.TestCase.TestCase [main] ✓ Quantity increased
2025-10-05 00:26:43,769 INFO blisspadsAutomation.TestCase.TestCase [main] Step 7: Adding product to cart
2025-10-05 00:26:44,068 INFO blisspadsAutomation.TestCase.TestCase [main] ✓ Product added to cart
2025-10-05 00:26:44,068 INFO blisspadsAutomation.TestCase.TestCase [main] Step 8: Verifying free shipping message
2025-10-05 00:26:44,069 INFO PageObjects.cartPage [main] Fetching free shipping message
2025-10-05 00:26:46,243 INFO blisspadsAutomation.TestCase.TestCase [main] Expected: Congrats! You are eligible for FREE Shipping
2025-10-05 00:26:46,244 INFO blisspadsAutomation.TestCase.TestCase [main] Actual: Congrats! You are eligible for FREE Shipping
2025-10-05 00:26:46,249 INFO blisspadsAutomation.TestCase.TestCase [main] ✓ Free shipping message verified
2025-10-05 00:26:46,250 INFO blisspadsAutomation.TestCase.TestCase [main] Step 9: Verifying product name in cart
2025-10-05 00:26:46,250 INFO PageObjects.cartPage [main] Fetching product name from cart
2025-10-05 00:26:46,311 INFO blisspadsAutomation.TestCase.TestCase [main] Expected: Bliss Organic Sanitary Pads XL Fluffy (6 Pads) | Rash and Itch Free
2025-10-05 00:26:46,311 INFO blisspadsAutomation.TestCase.TestCase [main] Actual: Bliss Organic Sanitary Pads XL Fluffy (6 Pads) | Rash and Itch Free
2025-10-05 00:26:46,312 INFO blisspadsAutomation.TestCase.TestCase [main] ✓ Product name verified
2025-10-05 00:26:46,313 INFO blisspadsAutomation.TestCase.TestCase [main] Step 10: Proceeding to checkout
2025-10-05 00:26:46,313 INFO PageObjects.cartPage [main] Clicking on checkout button
2025-10-05 00:26:56,383 ERROR PageObjects.cartPage [main] Checkout button click failed
org.openqa.selenium.NoSuchElementException: no such element: Unable to locate element: {"method":"xpath","selector":"//span[@class='btn-text']/span[contains(text(), '1Checkout')]"}
  (Session info: chrome=140.0.7339.208)
For documentation on this error, please visit: https://www.selenium.dev/documentation/webdriver/troubleshooting/errors#no-such-element-exception
Build info: version: '4.35.0', revision: '1c58e5028b'
System info: os.name: 'Windows 11', os.arch: 'amd64', os.version: '10.0', java.version: '21.0.7'
Driver info: org.openqa.selenium.chrome.ChromeDriver
Command: [9932eda5f82bbe57fc37176c2a8af0cb, findElement {value=//span[@class='btn-text']/span[contains(text(), '1Checkout')], using=xpath}]
Capabilities {acceptInsecureCerts: false, browserName: chrome, browserVersion: 140.0.7339.208, chrome: {chromedriverVersion: 140.0.7339.207 (17230b545fd..., userDataDir: C:\Users\mohit\AppData\Loca...}, fedcm:accounts: true, goog:chromeOptions: {debuggerAddress: localhost:65404}, networkConnectionEnabled: false, pageLoadStrategy: normal, platformName: windows, proxy: Proxy(), se:cdp: ws://localhost:65404/devtoo..., se:cdpVersion: 140.0.7339.208, setWindowRect: true, strictFileInteractability: false, timeouts: {implicit: 0, pageLoad: 300000, script: 30000}, unhandledPromptBehavior: dismiss and notify, webauthn:extension:credBlob: true, webauthn:extension:largeBlob: true, webauthn:extension:minPinLength: true, webauthn:extension:prf: true, webauthn:virtualAuthenticators: true}
Session ID: 9932eda5f82bbe57fc37176c2a8af0cb
	at jdk.internal.reflect.DirectConstructorHandleAccessor.newInstance(DirectConstructorHandleAccessor.java:62) ~[?:?]
	at java.lang.reflect.Constructor.newInstanceWithCaller(Constructor.java:502) ~[?:?]
	at java.lang.reflect.Constructor.newInstance(Constructor.java:486) ~[?:?]
	at org.openqa.selenium.remote.ErrorCodec.decode(ErrorCodec.java:167) ~[selenium-remote-driver-4.35.0.jar:?]
	at org.openqa.selenium.remote.codec.w3c.W3CHttpResponseCodec.decode(W3CHttpResponseCodec.java:138) ~[selenium-remote-driver-4.35.0.jar:?]
	at org.openqa.selenium.remote.codec.w3c.W3CHttpResponseCodec.decode(W3CHttpResponseCodec.java:50) ~[selenium-remote-driver-4.35.0.jar:?]
	at org.openqa.selenium.remote.HttpCommandExecutor.execute(HttpCommandExecutor.java:215) ~[selenium-remote-driver-4.35.0.jar:?]
	at org.openqa.selenium.remote.service.DriverCommandExecutor.invokeExecute(DriverCommandExecutor.java:216) ~[selenium-remote-driver-4.35.0.jar:?]
	at org.openqa.selenium.remote.service.DriverCommandExecutor.execute(DriverCommandExecutor.java:174) ~[selenium-remote-driver-4.35.0.jar:?]
	at org.openqa.selenium.remote.RemoteWebDriver.execute(RemoteWebDriver.java:557) ~[selenium-remote-driver-4.35.0.jar:?]
	at org.openqa.selenium.remote.ElementLocation$ElementFinder$2.findElement(ElementLocation.java:165) ~[selenium-remote-driver-4.35.0.jar:?]
	at org.openqa.selenium.remote.ElementLocation.findElement(ElementLocation.java:59) ~[selenium-remote-driver-4.35.0.jar:?]
	at org.openqa.selenium.remote.RemoteWebDriver.findElement(RemoteWebDriver.java:380) ~[selenium-remote-driver-4.35.0.jar:?]
	at org.openqa.selenium.remote.RemoteWebDriver.findElement(RemoteWebDriver.java:374) ~[selenium-remote-driver-4.35.0.jar:?]
	at org.openqa.selenium.support.pagefactory.DefaultElementLocator.findElement(DefaultElementLocator.java:68) ~[selenium-support-4.35.0.jar:?]
	at org.openqa.selenium.support.pagefactory.internal.LocatingElementHandler.invoke(LocatingElementHandler.java:38) ~[selenium-support-4.35.0.jar:?]
	at jdk.proxy2.$Proxy30.click(Unknown Source) ~[?:?]
	at PageObjects.cartPage.clickCheckout(cartPage.java:65) ~[classes/:?]
	at blisspadsAutomation.TestCase.TestCase.submitOrder(TestCase.java:99) ~[test-classes/:?]
	at jdk.internal.reflect.DirectMethodHandleAccessor.invoke(DirectMethodHandleAccessor.java:103) ~[?:?]
	at java.lang.reflect.Method.invoke(Method.java:580) ~[?:?]
	at org.testng.internal.invokers.MethodInvocationHelper.invokeMethod(MethodInvocationHelper.java:141) ~[testng-7.11.0.jar:7.11.0]
	at org.testng.internal.invokers.TestInvoker.invokeMethod(TestInvoker.java:687) ~[testng-7.11.0.jar:7.11.0]
	at org.testng.internal.invokers.TestInvoker.invokeTestMethod(TestInvoker.java:230) ~[testng-7.11.0.jar:7.11.0]
	at org.testng.internal.invokers.MethodRunner.runInSequence(MethodRunner.java:63) ~[testng-7.11.0.jar:7.11.0]
	at org.testng.internal.invokers.TestInvoker$MethodInvocationAgent.invoke(TestInvoker.java:995) ~[testng-7.11.0.jar:7.11.0]
	at org.testng.internal.invokers.TestInvoker.invokeTestMethods(TestInvoker.java:203) ~[testng-7.11.0.jar:7.11.0]
	at org.testng.internal.invokers.TestMethodWorker.invokeTestMethods(TestMethodWorker.java:154) ~[testng-7.11.0.jar:7.11.0]
	at org.testng.internal.invokers.TestMethodWorker.run(TestMethodWorker.java:134) ~[testng-7.11.0.jar:7.11.0]
	at java.util.ArrayList.forEach(ArrayList.java:1596) [?:?]
	at org.testng.TestRunner.privateRun(TestRunner.java:741) [testng-7.11.0.jar:7.11.0]
	at org.testng.TestRunner.run(TestRunner.java:616) [testng-7.11.0.jar:7.11.0]
	at org.testng.SuiteRunner.runTest(SuiteRunner.java:421) [testng-7.11.0.jar:7.11.0]
	at org.testng.SuiteRunner.runSequentially(SuiteRunner.java:413) [testng-7.11.0.jar:7.11.0]
	at org.testng.SuiteRunner.privateRun(SuiteRunner.java:373) [testng-7.11.0.jar:7.11.0]
	at org.testng.SuiteRunner.run(SuiteRunner.java:312) [testng-7.11.0.jar:7.11.0]
	at org.testng.SuiteRunnerWorker.runSuite(SuiteRunnerWorker.java:52) [testng-7.11.0.jar:7.11.0]
	at org.testng.SuiteRunnerWorker.run(SuiteRunnerWorker.java:95) [testng-7.11.0.jar:7.11.0]
	at org.testng.TestNG.runSuitesSequentially(TestNG.java:1274) [testng-7.11.0.jar:7.11.0]
	at org.testng.TestNG.runSuitesLocally(TestNG.java:1208) [testng-7.11.0.jar:7.11.0]
	at org.testng.TestNG.runSuites(TestNG.java:1112) [testng-7.11.0.jar:7.11.0]
	at org.testng.TestNG.run(TestNG.java:1079) [testng-7.11.0.jar:7.11.0]
	at org.testng.remote.AbstractRemoteTestNG.run(AbstractRemoteTestNG.java:115) [testng-remote.jar:?]
	at org.testng.remote.RemoteTestNG.initAndRun(RemoteTestNG.java:293) [testng-remote.jar:?]
	at org.testng.remote.RemoteTestNG.main(RemoteTestNG.java:91) [testng-remote.jar:?]
2025-10-05 00:26:56,401 ERROR blisspadsAutomation.TestCase.TestCase [main] ╔════════════════════════════════════════════════════════════╗
2025-10-05 00:26:56,402 ERROR blisspadsAutomation.TestCase.TestCase [main] ║         TEST FAILED: Exception Occurred                    ║
2025-10-05 00:26:56,403 ERROR blisspadsAutomation.TestCase.TestCase [main] ╚════════════════════════════════════════════════════════════╝
2025-10-05 00:26:56,404 ERROR blisspadsAutomation.TestCase.TestCase [main] Exception in test execution: Checkout button click failed
exceptions.FrameworkExceptions$FrameworkException: Checkout button click failed
	at PageObjects.cartPage.clickCheckout(cartPage.java:69) ~[classes/:?]
	at blisspadsAutomation.TestCase.TestCase.submitOrder(TestCase.java:99) ~[test-classes/:?]
	at jdk.internal.reflect.DirectMethodHandleAccessor.invoke(DirectMethodHandleAccessor.java:103) ~[?:?]
	at java.lang.reflect.Method.invoke(Method.java:580) ~[?:?]
	at org.testng.internal.invokers.MethodInvocationHelper.invokeMethod(MethodInvocationHelper.java:141) ~[testng-7.11.0.jar:7.11.0]
	at org.testng.internal.invokers.TestInvoker.invokeMethod(TestInvoker.java:687) ~[testng-7.11.0.jar:7.11.0]
	at org.testng.internal.invokers.TestInvoker.invokeTestMethod(TestInvoker.java:230) ~[testng-7.11.0.jar:7.11.0]
	at org.testng.internal.invokers.MethodRunner.runInSequence(MethodRunner.java:63) ~[testng-7.11.0.jar:7.11.0]
	at org.testng.internal.invokers.TestInvoker$MethodInvocationAgent.invoke(TestInvoker.java:995) ~[testng-7.11.0.jar:7.11.0]
	at org.testng.internal.invokers.TestInvoker.invokeTestMethods(TestInvoker.java:203) ~[testng-7.11.0.jar:7.11.0]
	at org.testng.internal.invokers.TestMethodWorker.invokeTestMethods(TestMethodWorker.java:154) ~[testng-7.11.0.jar:7.11.0]
	at org.testng.internal.invokers.TestMethodWorker.run(TestMethodWorker.java:134) ~[testng-7.11.0.jar:7.11.0]
	at java.util.ArrayList.forEach(ArrayList.java:1596) [?:?]
	at org.testng.TestRunner.privateRun(TestRunner.java:741) [testng-7.11.0.jar:7.11.0]
	at org.testng.TestRunner.run(TestRunner.java:616) [testng-7.11.0.jar:7.11.0]
	at org.testng.SuiteRunner.runTest(SuiteRunner.java:421) [testng-7.11.0.jar:7.11.0]
	at org.testng.SuiteRunner.runSequentially(SuiteRunner.java:413) [testng-7.11.0.jar:7.11.0]
	at org.testng.SuiteRunner.privateRun(SuiteRunner.java:373) [testng-7.11.0.jar:7.11.0]
	at org.testng.SuiteRunner.run(SuiteRunner.java:312) [testng-7.11.0.jar:7.11.0]
	at org.testng.SuiteRunnerWorker.runSuite(SuiteRunnerWorker.java:52) [testng-7.11.0.jar:7.11.0]
	at org.testng.SuiteRunnerWorker.run(SuiteRunnerWorker.java:95) [testng-7.11.0.jar:7.11.0]
	at org.testng.TestNG.runSuitesSequentially(TestNG.java:1274) [testng-7.11.0.jar:7.11.0]
	at org.testng.TestNG.runSuitesLocally(TestNG.java:1208) [testng-7.11.0.jar:7.11.0]
	at org.testng.TestNG.runSuites(TestNG.java:1112) [testng-7.11.0.jar:7.11.0]
	at org.testng.TestNG.run(TestNG.java:1079) [testng-7.11.0.jar:7.11.0]
	at org.testng.remote.AbstractRemoteTestNG.run(AbstractRemoteTestNG.java:115) [testng-remote.jar:?]
	at org.testng.remote.RemoteTestNG.initAndRun(RemoteTestNG.java:293) [testng-remote.jar:?]
	at org.testng.remote.RemoteTestNG.main(RemoteTestNG.java:91) [testng-remote.jar:?]
Caused by: org.openqa.selenium.NoSuchElementException: no such element: Unable to locate element: {"method":"xpath","selector":"//span[@class='btn-text']/span[contains(text(), '1Checkout')]"}
  (Session info: chrome=140.0.7339.208)
For documentation on this error, please visit: https://www.selenium.dev/documentation/webdriver/troubleshooting/errors#no-such-element-exception
Build info: version: '4.35.0', revision: '1c58e5028b'
System info: os.name: 'Windows 11', os.arch: 'amd64', os.version: '10.0', java.version: '21.0.7'
Driver info: org.openqa.selenium.chrome.ChromeDriver
Command: [9932eda5f82bbe57fc37176c2a8af0cb, findElement {value=//span[@class='btn-text']/span[contains(text(), '1Checkout')], using=xpath}]
Capabilities {acceptInsecureCerts: false, browserName: chrome, browserVersion: 140.0.7339.208, chrome: {chromedriverVersion: 140.0.7339.207 (17230b545fd..., userDataDir: C:\Users\mohit\AppData\Loca...}, fedcm:accounts: true, goog:chromeOptions: {debuggerAddress: localhost:65404}, networkConnectionEnabled: false, pageLoadStrategy: normal, platformName: windows, proxy: Proxy(), se:cdp: ws://localhost:65404/devtoo..., se:cdpVersion: 140.0.7339.208, setWindowRect: true, strictFileInteractability: false, timeouts: {implicit: 0, pageLoad: 300000, script: 30000}, unhandledPromptBehavior: dismiss and notify, webauthn:extension:credBlob: true, webauthn:extension:largeBlob: true, webauthn:extension:minPinLength: true, webauthn:extension:prf: true, webauthn:virtualAuthenticators: true}
Session ID: 9932eda5f82bbe57fc37176c2a8af0cb
	at jdk.internal.reflect.DirectConstructorHandleAccessor.newInstance(DirectConstructorHandleAccessor.java:62) ~[?:?]
	at java.lang.reflect.Constructor.newInstanceWithCaller(Constructor.java:502) ~[?:?]
	at java.lang.reflect.Constructor.newInstance(Constructor.java:486) ~[?:?]
	at org.openqa.selenium.remote.ErrorCodec.decode(ErrorCodec.java:167) ~[selenium-remote-driver-4.35.0.jar:?]
	at org.openqa.selenium.remote.codec.w3c.W3CHttpResponseCodec.decode(W3CHttpResponseCodec.java:138) ~[selenium-remote-driver-4.35.0.jar:?]
	at org.openqa.selenium.remote.codec.w3c.W3CHttpResponseCodec.decode(W3CHttpResponseCodec.java:50) ~[selenium-remote-driver-4.35.0.jar:?]
	at org.openqa.selenium.remote.HttpCommandExecutor.execute(HttpCommandExecutor.java:215) ~[selenium-remote-driver-4.35.0.jar:?]
	at org.openqa.selenium.remote.service.DriverCommandExecutor.invokeExecute(DriverCommandExecutor.java:216) ~[selenium-remote-driver-4.35.0.jar:?]
	at org.openqa.selenium.remote.service.DriverCommandExecutor.execute(DriverCommandExecutor.java:174) ~[selenium-remote-driver-4.35.0.jar:?]
	at org.openqa.selenium.remote.RemoteWebDriver.execute(RemoteWebDriver.java:557) ~[selenium-remote-driver-4.35.0.jar:?]
	at org.openqa.selenium.remote.ElementLocation$ElementFinder$2.findElement(ElementLocation.java:165) ~[selenium-remote-driver-4.35.0.jar:?]
	at org.openqa.selenium.remote.ElementLocation.findElement(ElementLocation.java:59) ~[selenium-remote-driver-4.35.0.jar:?]
	at org.openqa.selenium.remote.RemoteWebDriver.findElement(RemoteWebDriver.java:380) ~[selenium-remote-driver-4.35.0.jar:?]
	at org.openqa.selenium.remote.RemoteWebDriver.findElement(RemoteWebDriver.java:374) ~[selenium-remote-driver-4.35.0.jar:?]
	at org.openqa.selenium.support.pagefactory.DefaultElementLocator.findElement(DefaultElementLocator.java:68) ~[selenium-support-4.35.0.jar:?]
	at org.openqa.selenium.support.pagefactory.internal.LocatingElementHandler.invoke(LocatingElementHandler.java:38) ~[selenium-support-4.35.0.jar:?]
	at jdk.proxy2.$Proxy30.click(Unknown Source) ~[?:?]
	at PageObjects.cartPage.clickCheckout(cartPage.java:65) ~[classes/:?]
	... 27 more
2025-10-05 00:50:20,616 INFO blisspadsAutomation.TestCase.TestCase [TestNG-tests-1] Loading test data from DataProvider
2025-10-05 00:50:20,618 INFO blisspadsAutomation.TestCase.TestCase [TestNG-tests-1] Total test data sets: 2
2025-10-05 00:50:20,643 INFO blisspadsAutomation.TestCase.TestCase [TestNG-tests-1] ╔════════════════════════════════════════════════════════════╗
2025-10-05 00:50:20,643 INFO blisspadsAutomation.TestCase.TestCase [TestNG-tests-1] ║         STARTING TEST: submitOrder                         ║
2025-10-05 00:50:20,644 INFO blisspadsAutomation.TestCase.TestCase [TestNG-tests-1] ╚════════════════════════════════════════════════════════════╝
2025-10-05 00:50:20,644 INFO blisspadsAutomation.TestCase.TestCase [TestNG-tests-1] Test Data: {freeship=Congrats! You are eligible for FREE Shipping, prodName=Bliss Organic Sanitary Pads XL Fluffy (6 Pads) | Rash and Itch Free, phoneNum=9876543213}
2025-10-05 00:50:20,644 INFO blisspadsAutomation.TestCase.TestCase [TestNG-tests-1] Step 1: Launching application
2025-10-05 00:50:25,496 INFO blisspadsAutomation.TestCase.TestCase [TestNG-tests-1] ✓ Home page loaded successfully
2025-10-05 00:50:25,497 INFO blisspadsAutomation.TestCase.TestCase [TestNG-tests-1] Step 2: Navigating to Sanitary Napkins section
2025-10-05 00:50:26,912 INFO blisspadsAutomation.TestCase.TestCase [TestNG-tests-1] ✓ Product page displayed
2025-10-05 00:50:26,912 INFO blisspadsAutomation.TestCase.TestCase [TestNG-tests-1] Step 3: Applying filters
2025-10-05 00:50:33,275 INFO blisspadsAutomation.TestCase.TestCase [TestNG-tests-1] ✓ Filters applied successfully
2025-10-05 00:50:33,280 INFO blisspadsAutomation.TestCase.TestCase [TestNG-tests-1] Step 4: Selecting product
2025-10-05 00:50:34,769 INFO blisspadsAutomation.TestCase.TestCase [TestNG-tests-1] ✓ Product selected, review page displayed
2025-10-05 00:50:34,771 INFO blisspadsAutomation.TestCase.TestCase [TestNG-tests-1] Step 5: Selecting pack
2025-10-05 00:50:35,042 INFO blisspadsAutomation.TestCase.TestCase [TestNG-tests-1] ✓ Pack selected
2025-10-05 00:50:35,043 INFO blisspadsAutomation.TestCase.TestCase [TestNG-tests-1] Step 6: Increasing quantity
2025-10-05 00:50:35,190 INFO blisspadsAutomation.TestCase.TestCase [TestNG-tests-1] ✓ Quantity increased
2025-10-05 00:50:35,191 INFO blisspadsAutomation.TestCase.TestCase [TestNG-tests-1] Step 7: Adding product to cart
2025-10-05 00:50:35,348 INFO blisspadsAutomation.TestCase.TestCase [TestNG-tests-1] ✓ Product added to cart
2025-10-05 00:50:35,349 INFO blisspadsAutomation.TestCase.TestCase [TestNG-tests-1] Step 8: Verifying free shipping message
2025-10-05 00:50:35,349 INFO PageObjects.cartPage [TestNG-tests-1] Fetching free shipping message
2025-10-05 00:50:37,567 INFO blisspadsAutomation.TestCase.TestCase [TestNG-tests-1] Expected: Congrats! You are eligible for FREE Shipping
2025-10-05 00:50:37,567 INFO blisspadsAutomation.TestCase.TestCase [TestNG-tests-1] Actual: Congrats! You are eligible for FREE Shipping
2025-10-05 00:50:37,579 INFO blisspadsAutomation.TestCase.TestCase [TestNG-tests-1] ✓ Free shipping message verified
2025-10-05 00:50:37,579 INFO blisspadsAutomation.TestCase.TestCase [TestNG-tests-1] Step 9: Verifying product name in cart
2025-10-05 00:50:37,579 INFO PageObjects.cartPage [TestNG-tests-1] Fetching product name from cart
2025-10-05 00:50:37,644 INFO blisspadsAutomation.TestCase.TestCase [TestNG-tests-1] Expected: Bliss Organic Sanitary Pads XL Fluffy (6 Pads) | Rash and Itch Free
2025-10-05 00:50:37,644 INFO blisspadsAutomation.TestCase.TestCase [TestNG-tests-1] Actual: Bliss Organic Sanitary Pads XL Fluffy (6 Pads) | Rash and Itch Free
2025-10-05 00:50:37,644 INFO blisspadsAutomation.TestCase.TestCase [TestNG-tests-1] ✓ Product name verified
2025-10-05 00:50:37,644 INFO blisspadsAutomation.TestCase.TestCase [TestNG-tests-1] Step 10: Proceeding to checkout
2025-10-05 00:50:37,644 INFO PageObjects.cartPage [TestNG-tests-1] Clicking on checkout button
2025-10-05 00:50:47,694 ERROR PageObjects.cartPage [TestNG-tests-1] Checkout button click failed
org.openqa.selenium.NoSuchElementException: no such element: Unable to locate element: {"method":"xpath","selector":"//span[@class='btn-text']/span[contains(text(), '1Checkout')]"}
  (Session info: chrome=140.0.7339.208)
For documentation on this error, please visit: https://www.selenium.dev/documentation/webdriver/troubleshooting/errors#no-such-element-exception
Build info: version: '4.35.0', revision: '1c58e5028b'
System info: os.name: 'Windows 11', os.arch: 'amd64', os.version: '10.0', java.version: '21.0.7'
Driver info: org.openqa.selenium.chrome.ChromeDriver
Command: [2c5782e1c6bcd91cf6feac78f9a884c4, findElement {value=//span[@class='btn-text']/span[contains(text(), '1Checkout')], using=xpath}]
Capabilities {acceptInsecureCerts: false, browserName: chrome, browserVersion: 140.0.7339.208, chrome: {chromedriverVersion: 140.0.7339.207 (17230b545fd..., userDataDir: C:\Users\mohit\AppData\Loca...}, fedcm:accounts: true, goog:chromeOptions: {debuggerAddress: localhost:58602}, networkConnectionEnabled: false, pageLoadStrategy: normal, platformName: windows, proxy: Proxy(), se:cdp: ws://localhost:58602/devtoo..., se:cdpVersion: 140.0.7339.208, setWindowRect: true, strictFileInteractability: false, timeouts: {implicit: 0, pageLoad: 300000, script: 30000}, unhandledPromptBehavior: dismiss and notify, webauthn:extension:credBlob: true, webauthn:extension:largeBlob: true, webauthn:extension:minPinLength: true, webauthn:extension:prf: true, webauthn:virtualAuthenticators: true}
Session ID: 2c5782e1c6bcd91cf6feac78f9a884c4
	at jdk.internal.reflect.DirectConstructorHandleAccessor.newInstance(DirectConstructorHandleAccessor.java:62) ~[?:?]
	at java.lang.reflect.Constructor.newInstanceWithCaller(Constructor.java:502) ~[?:?]
	at java.lang.reflect.Constructor.newInstance(Constructor.java:486) ~[?:?]
	at org.openqa.selenium.remote.ErrorCodec.decode(ErrorCodec.java:167) ~[selenium-remote-driver-4.35.0.jar:?]
	at org.openqa.selenium.remote.codec.w3c.W3CHttpResponseCodec.decode(W3CHttpResponseCodec.java:138) ~[selenium-remote-driver-4.35.0.jar:?]
	at org.openqa.selenium.remote.codec.w3c.W3CHttpResponseCodec.decode(W3CHttpResponseCodec.java:50) ~[selenium-remote-driver-4.35.0.jar:?]
	at org.openqa.selenium.remote.HttpCommandExecutor.execute(HttpCommandExecutor.java:215) ~[selenium-remote-driver-4.35.0.jar:?]
	at org.openqa.selenium.remote.service.DriverCommandExecutor.invokeExecute(DriverCommandExecutor.java:216) ~[selenium-remote-driver-4.35.0.jar:?]
	at org.openqa.selenium.remote.service.DriverCommandExecutor.execute(DriverCommandExecutor.java:174) ~[selenium-remote-driver-4.35.0.jar:?]
	at org.openqa.selenium.remote.RemoteWebDriver.execute(RemoteWebDriver.java:557) ~[selenium-remote-driver-4.35.0.jar:?]
	at org.openqa.selenium.remote.ElementLocation$ElementFinder$2.findElement(ElementLocation.java:165) ~[selenium-remote-driver-4.35.0.jar:?]
	at org.openqa.selenium.remote.ElementLocation.findElement(ElementLocation.java:59) ~[selenium-remote-driver-4.35.0.jar:?]
	at org.openqa.selenium.remote.RemoteWebDriver.findElement(RemoteWebDriver.java:380) ~[selenium-remote-driver-4.35.0.jar:?]
	at org.openqa.selenium.remote.RemoteWebDriver.findElement(RemoteWebDriver.java:374) ~[selenium-remote-driver-4.35.0.jar:?]
	at org.openqa.selenium.support.pagefactory.DefaultElementLocator.findElement(DefaultElementLocator.java:68) ~[selenium-support-4.35.0.jar:?]
	at org.openqa.selenium.support.pagefactory.internal.LocatingElementHandler.invoke(LocatingElementHandler.java:38) ~[selenium-support-4.35.0.jar:?]
	at jdk.proxy2.$Proxy30.click(Unknown Source) ~[?:?]
	at PageObjects.cartPage.clickCheckout(cartPage.java:65) ~[classes/:?]
	at blisspadsAutomation.TestCase.TestCase.submitOrder(TestCase.java:99) ~[test-classes/:?]
	at jdk.internal.reflect.DirectMethodHandleAccessor.invoke(DirectMethodHandleAccessor.java:103) ~[?:?]
	at java.lang.reflect.Method.invoke(Method.java:580) ~[?:?]
	at org.testng.internal.invokers.MethodInvocationHelper.invokeMethod(MethodInvocationHelper.java:141) ~[testng-7.11.0.jar:7.11.0]
	at org.testng.internal.invokers.TestInvoker.invokeMethod(TestInvoker.java:687) ~[testng-7.11.0.jar:7.11.0]
	at org.testng.internal.invokers.TestInvoker.invokeTestMethod(TestInvoker.java:230) ~[testng-7.11.0.jar:7.11.0]
	at org.testng.internal.invokers.MethodRunner.runInSequence(MethodRunner.java:63) ~[testng-7.11.0.jar:7.11.0]
	at org.testng.internal.invokers.TestInvoker$MethodInvocationAgent.invoke(TestInvoker.java:995) ~[testng-7.11.0.jar:7.11.0]
	at org.testng.internal.invokers.TestInvoker.invokeTestMethods(TestInvoker.java:203) ~[testng-7.11.0.jar:7.11.0]
	at org.testng.internal.invokers.TestMethodWorker.invokeTestMethods(TestMethodWorker.java:154) ~[testng-7.11.0.jar:7.11.0]
	at org.testng.internal.invokers.TestMethodWorker.run(TestMethodWorker.java:134) ~[testng-7.11.0.jar:7.11.0]
	at java.util.ArrayList.forEach(ArrayList.java:1596) ~[?:?]
	at org.testng.TestRunner.privateRun(TestRunner.java:741) ~[testng-7.11.0.jar:7.11.0]
	at org.testng.TestRunner.run(TestRunner.java:616) ~[testng-7.11.0.jar:7.11.0]
	at org.testng.SuiteRunner.runTest(SuiteRunner.java:421) ~[testng-7.11.0.jar:7.11.0]
	at org.testng.SuiteRunner$SuiteWorker.run(SuiteRunner.java:463) ~[testng-7.11.0.jar:7.11.0]
	at org.testng.internal.thread.ThreadUtil.lambda$execute$0(ThreadUtil.java:64) ~[testng-7.11.0.jar:7.11.0]
	at java.util.concurrent.FutureTask.run(FutureTask.java:317) ~[?:?]
	at java.util.concurrent.ThreadPoolExecutor.runWorker(ThreadPoolExecutor.java:1144) ~[?:?]
	at java.util.concurrent.ThreadPoolExecutor$Worker.run(ThreadPoolExecutor.java:642) ~[?:?]
	at java.lang.Thread.run(Thread.java:1583) [?:?]
2025-10-05 00:50:47,710 ERROR blisspadsAutomation.TestCase.TestCase [TestNG-tests-1] ╔════════════════════════════════════════════════════════════╗
2025-10-05 00:50:47,710 ERROR blisspadsAutomation.TestCase.TestCase [TestNG-tests-1] ║         TEST FAILED: Exception Occurred                    ║
2025-10-05 00:50:47,711 ERROR blisspadsAutomation.TestCase.TestCase [TestNG-tests-1] ╚════════════════════════════════════════════════════════════╝
2025-10-05 00:50:47,711 ERROR blisspadsAutomation.TestCase.TestCase [TestNG-tests-1] Exception in test execution: Checkout button click failed
exceptions.FrameworkExceptions$FrameworkException: Checkout button click failed
	at PageObjects.cartPage.clickCheckout(cartPage.java:69) ~[classes/:?]
	at blisspadsAutomation.TestCase.TestCase.submitOrder(TestCase.java:99) ~[test-classes/:?]
	at jdk.internal.reflect.DirectMethodHandleAccessor.invoke(DirectMethodHandleAccessor.java:103) ~[?:?]
	at java.lang.reflect.Method.invoke(Method.java:580) ~[?:?]
	at org.testng.internal.invokers.MethodInvocationHelper.invokeMethod(MethodInvocationHelper.java:141) ~[testng-7.11.0.jar:7.11.0]
	at org.testng.internal.invokers.TestInvoker.invokeMethod(TestInvoker.java:687) ~[testng-7.11.0.jar:7.11.0]
	at org.testng.internal.invokers.TestInvoker.invokeTestMethod(TestInvoker.java:230) ~[testng-7.11.0.jar:7.11.0]
	at org.testng.internal.invokers.MethodRunner.runInSequence(MethodRunner.java:63) ~[testng-7.11.0.jar:7.11.0]
	at org.testng.internal.invokers.TestInvoker$MethodInvocationAgent.invoke(TestInvoker.java:995) ~[testng-7.11.0.jar:7.11.0]
	at org.testng.internal.invokers.TestInvoker.invokeTestMethods(TestInvoker.java:203) ~[testng-7.11.0.jar:7.11.0]
	at org.testng.internal.invokers.TestMethodWorker.invokeTestMethods(TestMethodWorker.java:154) ~[testng-7.11.0.jar:7.11.0]
	at org.testng.internal.invokers.TestMethodWorker.run(TestMethodWorker.java:134) ~[testng-7.11.0.jar:7.11.0]
	at java.util.ArrayList.forEach(ArrayList.java:1596) ~[?:?]
	at org.testng.TestRunner.privateRun(TestRunner.java:741) ~[testng-7.11.0.jar:7.11.0]
	at org.testng.TestRunner.run(TestRunner.java:616) ~[testng-7.11.0.jar:7.11.0]
	at org.testng.SuiteRunner.runTest(SuiteRunner.java:421) ~[testng-7.11.0.jar:7.11.0]
	at org.testng.SuiteRunner$SuiteWorker.run(SuiteRunner.java:463) ~[testng-7.11.0.jar:7.11.0]
	at org.testng.internal.thread.ThreadUtil.lambda$execute$0(ThreadUtil.java:64) ~[testng-7.11.0.jar:7.11.0]
	at java.util.concurrent.FutureTask.run(FutureTask.java:317) ~[?:?]
	at java.util.concurrent.ThreadPoolExecutor.runWorker(ThreadPoolExecutor.java:1144) ~[?:?]
	at java.util.concurrent.ThreadPoolExecutor$Worker.run(ThreadPoolExecutor.java:642) ~[?:?]
	at java.lang.Thread.run(Thread.java:1583) [?:?]
Caused by: org.openqa.selenium.NoSuchElementException: no such element: Unable to locate element: {"method":"xpath","selector":"//span[@class='btn-text']/span[contains(text(), '1Checkout')]"}
  (Session info: chrome=140.0.7339.208)
For documentation on this error, please visit: https://www.selenium.dev/documentation/webdriver/troubleshooting/errors#no-such-element-exception
Build info: version: '4.35.0', revision: '1c58e5028b'
System info: os.name: 'Windows 11', os.arch: 'amd64', os.version: '10.0', java.version: '21.0.7'
Driver info: org.openqa.selenium.chrome.ChromeDriver
Command: [2c5782e1c6bcd91cf6feac78f9a884c4, findElement {value=//span[@class='btn-text']/span[contains(text(), '1Checkout')], using=xpath}]
Capabilities {acceptInsecureCerts: false, browserName: chrome, browserVersion: 140.0.7339.208, chrome: {chromedriverVersion: 140.0.7339.207 (17230b545fd..., userDataDir: C:\Users\mohit\AppData\Loca...}, fedcm:accounts: true, goog:chromeOptions: {debuggerAddress: localhost:58602}, networkConnectionEnabled: false, pageLoadStrategy: normal, platformName: windows, proxy: Proxy(), se:cdp: ws://localhost:58602/devtoo..., se:cdpVersion: 140.0.7339.208, setWindowRect: true, strictFileInteractability: false, timeouts: {implicit: 0, pageLoad: 300000, script: 30000}, unhandledPromptBehavior: dismiss and notify, webauthn:extension:credBlob: true, webauthn:extension:largeBlob: true, webauthn:extension:minPinLength: true, webauthn:extension:prf: true, webauthn:virtualAuthenticators: true}
Session ID: 2c5782e1c6bcd91cf6feac78f9a884c4
	at jdk.internal.reflect.DirectConstructorHandleAccessor.newInstance(DirectConstructorHandleAccessor.java:62) ~[?:?]
	at java.lang.reflect.Constructor.newInstanceWithCaller(Constructor.java:502) ~[?:?]
	at java.lang.reflect.Constructor.newInstance(Constructor.java:486) ~[?:?]
	at org.openqa.selenium.remote.ErrorCodec.decode(ErrorCodec.java:167) ~[selenium-remote-driver-4.35.0.jar:?]
	at org.openqa.selenium.remote.codec.w3c.W3CHttpResponseCodec.decode(W3CHttpResponseCodec.java:138) ~[selenium-remote-driver-4.35.0.jar:?]
	at org.openqa.selenium.remote.codec.w3c.W3CHttpResponseCodec.decode(W3CHttpResponseCodec.java:50) ~[selenium-remote-driver-4.35.0.jar:?]
	at org.openqa.selenium.remote.HttpCommandExecutor.execute(HttpCommandExecutor.java:215) ~[selenium-remote-driver-4.35.0.jar:?]
	at org.openqa.selenium.remote.service.DriverCommandExecutor.invokeExecute(DriverCommandExecutor.java:216) ~[selenium-remote-driver-4.35.0.jar:?]
	at org.openqa.selenium.remote.service.DriverCommandExecutor.execute(DriverCommandExecutor.java:174) ~[selenium-remote-driver-4.35.0.jar:?]
	at org.openqa.selenium.remote.RemoteWebDriver.execute(RemoteWebDriver.java:557) ~[selenium-remote-driver-4.35.0.jar:?]
	at org.openqa.selenium.remote.ElementLocation$ElementFinder$2.findElement(ElementLocation.java:165) ~[selenium-remote-driver-4.35.0.jar:?]
	at org.openqa.selenium.remote.ElementLocation.findElement(ElementLocation.java:59) ~[selenium-remote-driver-4.35.0.jar:?]
	at org.openqa.selenium.remote.RemoteWebDriver.findElement(RemoteWebDriver.java:380) ~[selenium-remote-driver-4.35.0.jar:?]
	at org.openqa.selenium.remote.RemoteWebDriver.findElement(RemoteWebDriver.java:374) ~[selenium-remote-driver-4.35.0.jar:?]
	at org.openqa.selenium.support.pagefactory.DefaultElementLocator.findElement(DefaultElementLocator.java:68) ~[selenium-support-4.35.0.jar:?]
	at org.openqa.selenium.support.pagefactory.internal.LocatingElementHandler.invoke(LocatingElementHandler.java:38) ~[selenium-support-4.35.0.jar:?]
	at jdk.proxy2.$Proxy30.click(Unknown Source) ~[?:?]
	at PageObjects.cartPage.clickCheckout(cartPage.java:65) ~[classes/:?]
	... 21 more
